<?xml version="1.0" encoding="UTF-8"?>
<testsuite xmlns:xsi="http://www.w3.org/2001/XMLSchema-instance" xsi:noNamespaceSchemaLocation="https://maven.apache.org/surefire/maven-surefire-plugin/xsd/surefire-test-report-3.0.xsd" version="3.0" name="com.siaf.generaqr.GeneraQrApplicationTests" time="1.47" tests="1" errors="0" skipped="0" failures="0">
  <properties>
[...]
</properties>
  <testcase name="contextLoads" classname="com.siaf.generaqr.GeneraQrApplicationTests" time="0.466">
    <system-out><![CDATA[18:52:34.395 [main] INFO org.springframework.test.context.support.AnnotationConfigContextLoaderUtils -- Could not detect default configuration classes for test class [com.siaf.generaqr.GeneraQrApplicationTests]: GeneraQrApplicationTests does not declare any static, non-private, non-final, nested classes annotated with @Configuration.
18:52:34.451 [main] INFO org.springframework.boot.test.context.SpringBootTestContextBootstrapper -- Found @SpringBootConfiguration com.siaf.generaqr.GeneraQrApplication for test class com.siaf.generaqr.GeneraQrApplicationTests
18:52:34.547 [main] INFO org.springframework.boot.devtools.restart.RestartApplicationListener -- Restart disabled due to context in which it is running

  .   ____          _            __ _ _
 /\\ / ___'_ __ _ _(_)_ __  __ _ \ \ \ \
( ( )\___ | '_ | '_| | '_ \/ _` | \ \ \ \
 \\/  ___)| |_)| | | | | || (_| |  ) ) ) )
  '  |____| .__|_| |_|_| |_\__, | / / / /
 =========|_|==============|___/=/_/_/_/
 :: Spring Boot ::                (v3.2.4)

2024-04-02T18:52:34.666-06:00  INFO 7936 --- [generaQR] [           main] c.s.generaqr.GeneraQrApplicationTests    : Starting GeneraQrApplicationTests using Java 17.0.7 with PID 7936 (started by JonathanDLTP in C:\Users\JonathanDLTP\Desktop\webServiceQRv2\generaQR)
2024-04-02T18:52:34.667-06:00  INFO 7936 --- [generaQR] [           main] c.s.generaqr.GeneraQrApplicationTests    : No active profile set, falling back to 1 default profile: "default"
2024-04-02T18:52:35.297-06:00  INFO 7936 --- [generaQR] [           main] c.s.generaqr.GeneraQrApplicationTests    : Started GeneraQrApplicationTests in 0.758 seconds (process running for 1.26)
]]></system-out>
  </testcase>
</testsuite>